WARNING - 2024-06-12 02:26:51 --> [DEPRECATED] Creation of dynamic property App\Services\scheduleService::$validation is deprecated in APPPATH\services\BaseService.php on line 8.
 1 APPPATH\services\ScheduleService.php(18): App\Services\BaseService->__construct()
 2 APPPATH\Controllers\Home.php(10): App\Services\scheduleService->__construct()
 3 SYSTEMPATH\CodeIgniter.php(903): App\Controllers\Home->__construct()
 4 SYSTEMPATH\CodeIgniter.php(500): CodeIgniter\CodeIgniter->createController()
 5 SYSTEMPATH\CodeIgniter.php(355): CodeIgniter\CodeIgniter->handleRequest(null, Object(Config\Cache), false)
 6 SYSTEMPATH\Boot.php(312): CodeIgniter\CodeIgniter->run()
 7 SYSTEMPATH\Boot.php(67): CodeIgniter\Boot::runCodeIgniter(Object(CodeIgniter\CodeIgniter))
 8 FCPATH\index.php(56): CodeIgniter\Boot::bootWeb(Object(Config\Paths))
 9 SYSTEMPATH\Commands\Server\rewrite.php(49): require_once('D:\\xampp\\htdocs\\Build-Plus\\public\\index.php')
WARNING - 2024-06-12 02:26:58 --> [DEPRECATED] Creation of dynamic property App\Services\StudentService::$validation is deprecated in APPPATH\services\BaseService.php on line 8.
 1 APPPATH\services\StudentService.php(16): App\Services\BaseService->__construct()
 2 APPPATH\Controllers\SinhvienController.php(13): App\Services\StudentService->__construct()
 3 SYSTEMPATH\CodeIgniter.php(903): App\Controllers\SinhvienController->__construct()
 4 SYSTEMPATH\CodeIgniter.php(500): CodeIgniter\CodeIgniter->createController()
 5 SYSTEMPATH\CodeIgniter.php(355): CodeIgniter\CodeIgniter->handleRequest(null, Object(Config\Cache), false)
 6 SYSTEMPATH\Boot.php(312): CodeIgniter\CodeIgniter->run()
 7 SYSTEMPATH\Boot.php(67): CodeIgniter\Boot::runCodeIgniter(Object(CodeIgniter\CodeIgniter))
 8 FCPATH\index.php(56): CodeIgniter\Boot::bootWeb(Object(Config\Paths))
 9 SYSTEMPATH\Commands\Server\rewrite.php(49): require_once('D:\\xampp\\htdocs\\Build-Plus\\public\\index.php')
WARNING - 2024-06-12 02:27:03 --> [DEPRECATED] Creation of dynamic property App\Services\StudentService::$validation is deprecated in APPPATH\services\BaseService.php on line 8.
 1 APPPATH\services\StudentService.php(16): App\Services\BaseService->__construct()
 2 APPPATH\Controllers\SinhvienController.php(13): App\Services\StudentService->__construct()
 3 SYSTEMPATH\CodeIgniter.php(903): App\Controllers\SinhvienController->__construct()
 4 SYSTEMPATH\CodeIgniter.php(500): CodeIgniter\CodeIgniter->createController()
 5 SYSTEMPATH\CodeIgniter.php(355): CodeIgniter\CodeIgniter->handleRequest(null, Object(Config\Cache), false)
 6 SYSTEMPATH\Boot.php(312): CodeIgniter\CodeIgniter->run()
 7 SYSTEMPATH\Boot.php(67): CodeIgniter\Boot::runCodeIgniter(Object(CodeIgniter\CodeIgniter))
 8 FCPATH\index.php(56): CodeIgniter\Boot::bootWeb(Object(Config\Paths))
 9 SYSTEMPATH\Commands\Server\rewrite.php(49): require_once('D:\\xampp\\htdocs\\Build-Plus\\public\\index.php')
WARNING - 2024-06-12 02:27:04 --> [DEPRECATED] Creation of dynamic property App\Services\StudentService::$validation is deprecated in APPPATH\services\BaseService.php on line 8.
 1 APPPATH\services\StudentService.php(16): App\Services\BaseService->__construct()
 2 APPPATH\Controllers\SinhvienController.php(13): App\Services\StudentService->__construct()
 3 SYSTEMPATH\CodeIgniter.php(903): App\Controllers\SinhvienController->__construct()
 4 SYSTEMPATH\CodeIgniter.php(500): CodeIgniter\CodeIgniter->createController()
 5 SYSTEMPATH\CodeIgniter.php(355): CodeIgniter\CodeIgniter->handleRequest(null, Object(Config\Cache), false)
 6 SYSTEMPATH\Boot.php(312): CodeIgniter\CodeIgniter->run()
 7 SYSTEMPATH\Boot.php(67): CodeIgniter\Boot::runCodeIgniter(Object(CodeIgniter\CodeIgniter))
 8 FCPATH\index.php(56): CodeIgniter\Boot::bootWeb(Object(Config\Paths))
 9 SYSTEMPATH\Commands\Server\rewrite.php(49): require_once('D:\\xampp\\htdocs\\Build-Plus\\public\\index.php')
WARNING - 2024-06-12 02:27:11 --> [DEPRECATED] Creation of dynamic property App\Services\StudentService::$validation is deprecated in APPPATH\services\BaseService.php on line 8.
 1 APPPATH\services\StudentService.php(16): App\Services\BaseService->__construct()
 2 APPPATH\Controllers\SinhvienController.php(13): App\Services\StudentService->__construct()
 3 SYSTEMPATH\CodeIgniter.php(903): App\Controllers\SinhvienController->__construct()
 4 SYSTEMPATH\CodeIgniter.php(500): CodeIgniter\CodeIgniter->createController()
 5 SYSTEMPATH\CodeIgniter.php(355): CodeIgniter\CodeIgniter->handleRequest(null, Object(Config\Cache), false)
 6 SYSTEMPATH\Boot.php(312): CodeIgniter\CodeIgniter->run()
 7 SYSTEMPATH\Boot.php(67): CodeIgniter\Boot::runCodeIgniter(Object(CodeIgniter\CodeIgniter))
 8 FCPATH\index.php(56): CodeIgniter\Boot::bootWeb(Object(Config\Paths))
 9 SYSTEMPATH\Commands\Server\rewrite.php(49): require_once('D:\\xampp\\htdocs\\Build-Plus\\public\\index.php')
WARNING - 2024-06-12 02:27:12 --> [DEPRECATED] Creation of dynamic property App\Services\StudentService::$validation is deprecated in APPPATH\services\BaseService.php on line 8.
 1 APPPATH\services\StudentService.php(16): App\Services\BaseService->__construct()
 2 APPPATH\Controllers\SinhvienController.php(13): App\Services\StudentService->__construct()
 3 SYSTEMPATH\CodeIgniter.php(903): App\Controllers\SinhvienController->__construct()
 4 SYSTEMPATH\CodeIgniter.php(500): CodeIgniter\CodeIgniter->createController()
 5 SYSTEMPATH\CodeIgniter.php(355): CodeIgniter\CodeIgniter->handleRequest(null, Object(Config\Cache), false)
 6 SYSTEMPATH\Boot.php(312): CodeIgniter\CodeIgniter->run()
 7 SYSTEMPATH\Boot.php(67): CodeIgniter\Boot::runCodeIgniter(Object(CodeIgniter\CodeIgniter))
 8 FCPATH\index.php(56): CodeIgniter\Boot::bootWeb(Object(Config\Paths))
 9 SYSTEMPATH\Commands\Server\rewrite.php(49): require_once('D:\\xampp\\htdocs\\Build-Plus\\public\\index.php')
WARNING - 2024-06-12 02:28:13 --> [DEPRECATED] Creation of dynamic property App\Services\StudentService::$validation is deprecated in APPPATH\services\BaseService.php on line 8.
 1 APPPATH\services\StudentService.php(16): App\Services\BaseService->__construct()
 2 APPPATH\Controllers\SinhvienController.php(13): App\Services\StudentService->__construct()
 3 SYSTEMPATH\CodeIgniter.php(903): App\Controllers\SinhvienController->__construct()
 4 SYSTEMPATH\CodeIgniter.php(500): CodeIgniter\CodeIgniter->createController()
 5 SYSTEMPATH\CodeIgniter.php(355): CodeIgniter\CodeIgniter->handleRequest(null, Object(Config\Cache), false)
 6 SYSTEMPATH\Boot.php(312): CodeIgniter\CodeIgniter->run()
 7 SYSTEMPATH\Boot.php(67): CodeIgniter\Boot::runCodeIgniter(Object(CodeIgniter\CodeIgniter))
 8 FCPATH\index.php(56): CodeIgniter\Boot::bootWeb(Object(Config\Paths))
 9 SYSTEMPATH\Commands\Server\rewrite.php(49): require_once('D:\\xampp\\htdocs\\Build-Plus\\public\\index.php')
WARNING - 2024-06-12 02:28:49 --> [DEPRECATED] Creation of dynamic property App\Services\StudentService::$validation is deprecated in APPPATH\services\BaseService.php on line 8.
 1 APPPATH\services\StudentService.php(16): App\Services\BaseService->__construct()
 2 APPPATH\Controllers\SinhvienController.php(13): App\Services\StudentService->__construct()
 3 SYSTEMPATH\CodeIgniter.php(903): App\Controllers\SinhvienController->__construct()
 4 SYSTEMPATH\CodeIgniter.php(500): CodeIgniter\CodeIgniter->createController()
 5 SYSTEMPATH\CodeIgniter.php(355): CodeIgniter\CodeIgniter->handleRequest(null, Object(Config\Cache), false)
 6 SYSTEMPATH\Boot.php(312): CodeIgniter\CodeIgniter->run()
 7 SYSTEMPATH\Boot.php(67): CodeIgniter\Boot::runCodeIgniter(Object(CodeIgniter\CodeIgniter))
 8 FCPATH\index.php(56): CodeIgniter\Boot::bootWeb(Object(Config\Paths))
 9 SYSTEMPATH\Commands\Server\rewrite.php(49): require_once('D:\\xampp\\htdocs\\Build-Plus\\public\\index.php')
CRITICAL - 2024-06-12 02:28:49 --> ErrorException: Undefined array key "id"
[Method: GET, Route: list-sinhvien]
in APPPATH\Views\Home\pages\list-sinhvien.php on line 141.
 1 APPPATH\Views\Home\pages\list-sinhvien.php(141): CodeIgniter\Debug\Exceptions->errorHandler(2, 'Undefined array key "id"', 'D:\\xampp\\htdocs\\Build-Plus\\app\\Views\\Home\\pages\\list-sinhvien.php', 141)
 2 SYSTEMPATH\View\View.php(234): include('D:\\xampp\\htdocs\\Build-Plus\\app\\Views\\Home\\pages\\list-sinhvien.php')
 3 SYSTEMPATH\View\View.php(237): CodeIgniter\View\View->CodeIgniter\View\{closure}()
 4 SYSTEMPATH\Common.php(1171): CodeIgniter\View\View->render('Home/pages/list-sinhvien', [], true)
 5 APPPATH\Controllers\BaseController.php(65): view('Home/pages/list-sinhvien', [...])
 6 APPPATH\Controllers\SinhvienController.php(26): App\Controllers\BaseController->loadLayout([...], 'Trang chủ', 'Home/pages/list-sinhvien', [...], [], [])
 7 SYSTEMPATH\CodeIgniter.php(933): App\Controllers\SinhvienController->index()
 8 SYSTEMPATH\CodeIgniter.php(509): CodeIgniter\CodeIgniter->runController(Object(App\Controllers\SinhvienController))
 9 SYSTEMPATH\CodeIgniter.php(355): CodeIgniter\CodeIgniter->handleRequest(null, Object(Config\Cache), false)
10 SYSTEMPATH\Boot.php(312): CodeIgniter\CodeIgniter->run()
11 SYSTEMPATH\Boot.php(67): CodeIgniter\Boot::runCodeIgniter(Object(CodeIgniter\CodeIgniter))
12 FCPATH\index.php(56): CodeIgniter\Boot::bootWeb(Object(Config\Paths))
13 SYSTEMPATH\Commands\Server\rewrite.php(49): require_once('D:\\xampp\\htdocs\\Build-Plus\\public\\index.php')
WARNING - 2024-06-12 02:29:30 --> [DEPRECATED] Creation of dynamic property App\Services\StudentService::$validation is deprecated in APPPATH\services\BaseService.php on line 8.
 1 APPPATH\services\StudentService.php(16): App\Services\BaseService->__construct()
 2 APPPATH\Controllers\SinhvienController.php(13): App\Services\StudentService->__construct()
 3 SYSTEMPATH\CodeIgniter.php(903): App\Controllers\SinhvienController->__construct()
 4 SYSTEMPATH\CodeIgniter.php(500): CodeIgniter\CodeIgniter->createController()
 5 SYSTEMPATH\CodeIgniter.php(355): CodeIgniter\CodeIgniter->handleRequest(null, Object(Config\Cache), false)
 6 SYSTEMPATH\Boot.php(312): CodeIgniter\CodeIgniter->run()
 7 SYSTEMPATH\Boot.php(67): CodeIgniter\Boot::runCodeIgniter(Object(CodeIgniter\CodeIgniter))
 8 FCPATH\index.php(56): CodeIgniter\Boot::bootWeb(Object(Config\Paths))
 9 SYSTEMPATH\Commands\Server\rewrite.php(49): require_once('D:\\xampp\\htdocs\\Build-Plus\\public\\index.php')
WARNING - 2024-06-12 02:29:34 --> [DEPRECATED] Creation of dynamic property App\Services\StudentService::$validation is deprecated in APPPATH\services\BaseService.php on line 8.
 1 APPPATH\services\StudentService.php(16): App\Services\BaseService->__construct()
 2 APPPATH\Controllers\SinhvienController.php(13): App\Services\StudentService->__construct()
 3 SYSTEMPATH\CodeIgniter.php(903): App\Controllers\SinhvienController->__construct()
 4 SYSTEMPATH\CodeIgniter.php(500): CodeIgniter\CodeIgniter->createController()
 5 SYSTEMPATH\CodeIgniter.php(355): CodeIgniter\CodeIgniter->handleRequest(null, Object(Config\Cache), false)
 6 SYSTEMPATH\Boot.php(312): CodeIgniter\CodeIgniter->run()
 7 SYSTEMPATH\Boot.php(67): CodeIgniter\Boot::runCodeIgniter(Object(CodeIgniter\CodeIgniter))
 8 FCPATH\index.php(56): CodeIgniter\Boot::bootWeb(Object(Config\Paths))
 9 SYSTEMPATH\Commands\Server\rewrite.php(49): require_once('D:\\xampp\\htdocs\\Build-Plus\\public\\index.php')
WARNING - 2024-06-12 02:29:40 --> [DEPRECATED] Creation of dynamic property App\Services\StudentService::$validation is deprecated in APPPATH\services\BaseService.php on line 8.
 1 APPPATH\services\StudentService.php(16): App\Services\BaseService->__construct()
 2 APPPATH\Controllers\SinhvienController.php(13): App\Services\StudentService->__construct()
 3 SYSTEMPATH\CodeIgniter.php(903): App\Controllers\SinhvienController->__construct()
 4 SYSTEMPATH\CodeIgniter.php(500): CodeIgniter\CodeIgniter->createController()
 5 SYSTEMPATH\CodeIgniter.php(355): CodeIgniter\CodeIgniter->handleRequest(null, Object(Config\Cache), false)
 6 SYSTEMPATH\Boot.php(312): CodeIgniter\CodeIgniter->run()
 7 SYSTEMPATH\Boot.php(67): CodeIgniter\Boot::runCodeIgniter(Object(CodeIgniter\CodeIgniter))
 8 FCPATH\index.php(56): CodeIgniter\Boot::bootWeb(Object(Config\Paths))
 9 SYSTEMPATH\Commands\Server\rewrite.php(49): require_once('D:\\xampp\\htdocs\\Build-Plus\\public\\index.php')
WARNING - 2024-06-12 02:29:42 --> [DEPRECATED] Creation of dynamic property App\Services\StudentService::$validation is deprecated in APPPATH\services\BaseService.php on line 8.
 1 APPPATH\services\StudentService.php(16): App\Services\BaseService->__construct()
 2 APPPATH\Controllers\SinhvienController.php(13): App\Services\StudentService->__construct()
 3 SYSTEMPATH\CodeIgniter.php(903): App\Controllers\SinhvienController->__construct()
 4 SYSTEMPATH\CodeIgniter.php(500): CodeIgniter\CodeIgniter->createController()
 5 SYSTEMPATH\CodeIgniter.php(355): CodeIgniter\CodeIgniter->handleRequest(null, Object(Config\Cache), false)
 6 SYSTEMPATH\Boot.php(312): CodeIgniter\CodeIgniter->run()
 7 SYSTEMPATH\Boot.php(67): CodeIgniter\Boot::runCodeIgniter(Object(CodeIgniter\CodeIgniter))
 8 FCPATH\index.php(56): CodeIgniter\Boot::bootWeb(Object(Config\Paths))
 9 SYSTEMPATH\Commands\Server\rewrite.php(49): require_once('D:\\xampp\\htdocs\\Build-Plus\\public\\index.php')
WARNING - 2024-06-12 02:30:17 --> [DEPRECATED] Creation of dynamic property App\Services\StudentService::$validation is deprecated in APPPATH\services\BaseService.php on line 8.
 1 APPPATH\services\StudentService.php(16): App\Services\BaseService->__construct()
 2 APPPATH\Controllers\SinhvienController.php(13): App\Services\StudentService->__construct()
 3 SYSTEMPATH\CodeIgniter.php(903): App\Controllers\SinhvienController->__construct()
 4 SYSTEMPATH\CodeIgniter.php(500): CodeIgniter\CodeIgniter->createController()
 5 SYSTEMPATH\CodeIgniter.php(355): CodeIgniter\CodeIgniter->handleRequest(null, Object(Config\Cache), false)
 6 SYSTEMPATH\Boot.php(312): CodeIgniter\CodeIgniter->run()
 7 SYSTEMPATH\Boot.php(67): CodeIgniter\Boot::runCodeIgniter(Object(CodeIgniter\CodeIgniter))
 8 FCPATH\index.php(56): CodeIgniter\Boot::bootWeb(Object(Config\Paths))
 9 SYSTEMPATH\Commands\Server\rewrite.php(49): require_once('D:\\xampp\\htdocs\\Build-Plus\\public\\index.php')
WARNING - 2024-06-12 02:30:21 --> [DEPRECATED] Creation of dynamic property App\Services\StudentService::$validation is deprecated in APPPATH\services\BaseService.php on line 8.
 1 APPPATH\services\StudentService.php(16): App\Services\BaseService->__construct()
 2 APPPATH\Controllers\SinhvienController.php(13): App\Services\StudentService->__construct()
 3 SYSTEMPATH\CodeIgniter.php(903): App\Controllers\SinhvienController->__construct()
 4 SYSTEMPATH\CodeIgniter.php(500): CodeIgniter\CodeIgniter->createController()
 5 SYSTEMPATH\CodeIgniter.php(355): CodeIgniter\CodeIgniter->handleRequest(null, Object(Config\Cache), false)
 6 SYSTEMPATH\Boot.php(312): CodeIgniter\CodeIgniter->run()
 7 SYSTEMPATH\Boot.php(67): CodeIgniter\Boot::runCodeIgniter(Object(CodeIgniter\CodeIgniter))
 8 FCPATH\index.php(56): CodeIgniter\Boot::bootWeb(Object(Config\Paths))
 9 SYSTEMPATH\Commands\Server\rewrite.php(49): require_once('D:\\xampp\\htdocs\\Build-Plus\\public\\index.php')
CRITICAL - 2024-06-12 02:30:21 --> CodeIgniter\Database\Exceptions\DatabaseException: Updates are not allowed unless they contain a "where" or "like" clause.
[Method: POST, Route: student/update]
in SYSTEMPATH\Model.php on line 445.
 1 SYSTEMPATH\BaseModel.php(1028): CodeIgniter\Model->doUpdate(null, [...])
 2 SYSTEMPATH\Model.php(854): CodeIgniter\BaseModel->update(null, [...])
 3 APPPATH\services\StudentService.php(43): CodeIgniter\Model->update(null, [...])
 4 APPPATH\Controllers\SinhvienController.php(33): App\Services\StudentService->updateStudent(null, 'name', 'Trần Thị b')
 5 SYSTEMPATH\CodeIgniter.php(933): App\Controllers\SinhvienController->updateStudent()
 6 SYSTEMPATH\CodeIgniter.php(509): CodeIgniter\CodeIgniter->runController(Object(App\Controllers\SinhvienController))
 7 SYSTEMPATH\CodeIgniter.php(355): CodeIgniter\CodeIgniter->handleRequest(null, Object(Config\Cache), false)
 8 SYSTEMPATH\Boot.php(312): CodeIgniter\CodeIgniter->run()
 9 SYSTEMPATH\Boot.php(67): CodeIgniter\Boot::runCodeIgniter(Object(CodeIgniter\CodeIgniter))
10 FCPATH\index.php(56): CodeIgniter\Boot::bootWeb(Object(Config\Paths))
11 SYSTEMPATH\Commands\Server\rewrite.php(49): require_once('D:\\xampp\\htdocs\\Build-Plus\\public\\index.php')
WARNING - 2024-06-12 02:30:22 --> [DEPRECATED] Creation of dynamic property App\Services\StudentService::$validation is deprecated in APPPATH\services\BaseService.php on line 8.
 1 APPPATH\services\StudentService.php(16): App\Services\BaseService->__construct()
 2 APPPATH\Controllers\SinhvienController.php(13): App\Services\StudentService->__construct()
 3 SYSTEMPATH\CodeIgniter.php(903): App\Controllers\SinhvienController->__construct()
 4 SYSTEMPATH\CodeIgniter.php(500): CodeIgniter\CodeIgniter->createController()
 5 SYSTEMPATH\CodeIgniter.php(355): CodeIgniter\CodeIgniter->handleRequest(null, Object(Config\Cache), false)
 6 SYSTEMPATH\Boot.php(312): CodeIgniter\CodeIgniter->run()
 7 SYSTEMPATH\Boot.php(67): CodeIgniter\Boot::runCodeIgniter(Object(CodeIgniter\CodeIgniter))
 8 FCPATH\index.php(56): CodeIgniter\Boot::bootWeb(Object(Config\Paths))
 9 SYSTEMPATH\Commands\Server\rewrite.php(49): require_once('D:\\xampp\\htdocs\\Build-Plus\\public\\index.php')
WARNING - 2024-06-12 02:32:15 --> [DEPRECATED] Creation of dynamic property App\Services\StudentService::$validation is deprecated in APPPATH\services\BaseService.php on line 8.
 1 APPPATH\services\StudentService.php(16): App\Services\BaseService->__construct()
 2 APPPATH\Controllers\SinhvienController.php(13): App\Services\StudentService->__construct()
 3 SYSTEMPATH\CodeIgniter.php(903): App\Controllers\SinhvienController->__construct()
 4 SYSTEMPATH\CodeIgniter.php(500): CodeIgniter\CodeIgniter->createController()
 5 SYSTEMPATH\CodeIgniter.php(355): CodeIgniter\CodeIgniter->handleRequest(null, Object(Config\Cache), false)
 6 SYSTEMPATH\Boot.php(312): CodeIgniter\CodeIgniter->run()
 7 SYSTEMPATH\Boot.php(67): CodeIgniter\Boot::runCodeIgniter(Object(CodeIgniter\CodeIgniter))
 8 FCPATH\index.php(56): CodeIgniter\Boot::bootWeb(Object(Config\Paths))
 9 SYSTEMPATH\Commands\Server\rewrite.php(49): require_once('D:\\xampp\\htdocs\\Build-Plus\\public\\index.php')
CRITICAL - 2024-06-12 02:32:15 --> CodeIgniter\Database\Exceptions\DatabaseException: Updates are not allowed unless they contain a "where" or "like" clause.
[Method: POST, Route: student/update]
in SYSTEMPATH\Model.php on line 445.
 1 SYSTEMPATH\BaseModel.php(1028): CodeIgniter\Model->doUpdate(null, [...])
 2 SYSTEMPATH\Model.php(854): CodeIgniter\BaseModel->update(null, [...])
 3 APPPATH\services\StudentService.php(43): CodeIgniter\Model->update(null, [...])
 4 APPPATH\Controllers\SinhvienController.php(33): App\Services\StudentService->updateStudent(null, 'name', 'Lê Thị s')
 5 SYSTEMPATH\CodeIgniter.php(933): App\Controllers\SinhvienController->updateStudent()
 6 SYSTEMPATH\CodeIgniter.php(509): CodeIgniter\CodeIgniter->runController(Object(App\Controllers\SinhvienController))
 7 SYSTEMPATH\CodeIgniter.php(355): CodeIgniter\CodeIgniter->handleRequest(null, Object(Config\Cache), false)
 8 SYSTEMPATH\Boot.php(312): CodeIgniter\CodeIgniter->run()
 9 SYSTEMPATH\Boot.php(67): CodeIgniter\Boot::runCodeIgniter(Object(CodeIgniter\CodeIgniter))
10 FCPATH\index.php(56): CodeIgniter\Boot::bootWeb(Object(Config\Paths))
11 SYSTEMPATH\Commands\Server\rewrite.php(49): require_once('D:\\xampp\\htdocs\\Build-Plus\\public\\index.php')
WARNING - 2024-06-12 02:33:17 --> [DEPRECATED] Creation of dynamic property App\Services\StudentService::$validation is deprecated in APPPATH\services\BaseService.php on line 8.
 1 APPPATH\services\StudentService.php(16): App\Services\BaseService->__construct()
 2 APPPATH\Controllers\SinhvienController.php(13): App\Services\StudentService->__construct()
 3 SYSTEMPATH\CodeIgniter.php(903): App\Controllers\SinhvienController->__construct()
 4 SYSTEMPATH\CodeIgniter.php(500): CodeIgniter\CodeIgniter->createController()
 5 SYSTEMPATH\CodeIgniter.php(355): CodeIgniter\CodeIgniter->handleRequest(null, Object(Config\Cache), false)
 6 SYSTEMPATH\Boot.php(312): CodeIgniter\CodeIgniter->run()
 7 SYSTEMPATH\Boot.php(67): CodeIgniter\Boot::runCodeIgniter(Object(CodeIgniter\CodeIgniter))
 8 FCPATH\index.php(56): CodeIgniter\Boot::bootWeb(Object(Config\Paths))
 9 SYSTEMPATH\Commands\Server\rewrite.php(49): require_once('D:\\xampp\\htdocs\\Build-Plus\\public\\index.php')
WARNING - 2024-06-12 02:33:23 --> [DEPRECATED] Creation of dynamic property App\Services\StudentService::$validation is deprecated in APPPATH\services\BaseService.php on line 8.
 1 APPPATH\services\StudentService.php(16): App\Services\BaseService->__construct()
 2 APPPATH\Controllers\SinhvienController.php(13): App\Services\StudentService->__construct()
 3 SYSTEMPATH\CodeIgniter.php(903): App\Controllers\SinhvienController->__construct()
 4 SYSTEMPATH\CodeIgniter.php(500): CodeIgniter\CodeIgniter->createController()
 5 SYSTEMPATH\CodeIgniter.php(355): CodeIgniter\CodeIgniter->handleRequest(null, Object(Config\Cache), false)
 6 SYSTEMPATH\Boot.php(312): CodeIgniter\CodeIgniter->run()
 7 SYSTEMPATH\Boot.php(67): CodeIgniter\Boot::runCodeIgniter(Object(CodeIgniter\CodeIgniter))
 8 FCPATH\index.php(56): CodeIgniter\Boot::bootWeb(Object(Config\Paths))
 9 SYSTEMPATH\Commands\Server\rewrite.php(49): require_once('D:\\xampp\\htdocs\\Build-Plus\\public\\index.php')
WARNING - 2024-06-12 02:33:27 --> [DEPRECATED] Creation of dynamic property App\Services\StudentService::$validation is deprecated in APPPATH\services\BaseService.php on line 8.
 1 APPPATH\services\StudentService.php(16): App\Services\BaseService->__construct()
 2 APPPATH\Controllers\SinhvienController.php(13): App\Services\StudentService->__construct()
 3 SYSTEMPATH\CodeIgniter.php(903): App\Controllers\SinhvienController->__construct()
 4 SYSTEMPATH\CodeIgniter.php(500): CodeIgniter\CodeIgniter->createController()
 5 SYSTEMPATH\CodeIgniter.php(355): CodeIgniter\CodeIgniter->handleRequest(null, Object(Config\Cache), false)
 6 SYSTEMPATH\Boot.php(312): CodeIgniter\CodeIgniter->run()
 7 SYSTEMPATH\Boot.php(67): CodeIgniter\Boot::runCodeIgniter(Object(CodeIgniter\CodeIgniter))
 8 FCPATH\index.php(56): CodeIgniter\Boot::bootWeb(Object(Config\Paths))
 9 SYSTEMPATH\Commands\Server\rewrite.php(49): require_once('D:\\xampp\\htdocs\\Build-Plus\\public\\index.php')
WARNING - 2024-06-12 02:33:42 --> [DEPRECATED] Creation of dynamic property App\Services\StudentService::$validation is deprecated in APPPATH\services\BaseService.php on line 8.
 1 APPPATH\services\StudentService.php(16): App\Services\BaseService->__construct()
 2 APPPATH\Controllers\SinhvienController.php(13): App\Services\StudentService->__construct()
 3 SYSTEMPATH\CodeIgniter.php(903): App\Controllers\SinhvienController->__construct()
 4 SYSTEMPATH\CodeIgniter.php(500): CodeIgniter\CodeIgniter->createController()
 5 SYSTEMPATH\CodeIgniter.php(355): CodeIgniter\CodeIgniter->handleRequest(null, Object(Config\Cache), false)
 6 SYSTEMPATH\Boot.php(312): CodeIgniter\CodeIgniter->run()
 7 SYSTEMPATH\Boot.php(67): CodeIgniter\Boot::runCodeIgniter(Object(CodeIgniter\CodeIgniter))
 8 FCPATH\index.php(56): CodeIgniter\Boot::bootWeb(Object(Config\Paths))
 9 SYSTEMPATH\Commands\Server\rewrite.php(49): require_once('D:\\xampp\\htdocs\\Build-Plus\\public\\index.php')
ERROR - 2024-06-12 02:33:42 --> mysqli_sql_exception: Cannot add or update a child row: a foreign key constraint fails (`cnpm1`.`student`, CONSTRAINT `student_ibfk_1` FOREIGN KEY (`masinhvien`) REFERENCES `users` (`user_id`)) in D:\xampp\htdocs\Build-Plus\vendor\codeigniter4\framework\system\Database\MySQLi\Connection.php:308
Stack trace:
#0 D:\xampp\htdocs\Build-Plus\vendor\codeigniter4\framework\system\Database\MySQLi\Connection.php(308): mysqli->query('UPDATE `student...', 0)
#1 D:\xampp\htdocs\Build-Plus\vendor\codeigniter4\framework\system\Database\BaseConnection.php(722): CodeIgniter\Database\MySQLi\Connection->execute('UPDATE `student...')
#2 D:\xampp\htdocs\Build-Plus\vendor\codeigniter4\framework\system\Database\BaseConnection.php(636): CodeIgniter\Database\BaseConnection->simpleQuery('UPDATE `student...')
#3 D:\xampp\htdocs\Build-Plus\vendor\codeigniter4\framework\system\Database\BaseBuilder.php(2497): CodeIgniter\Database\BaseConnection->query('UPDATE `student...', Array, false)
#4 D:\xampp\htdocs\Build-Plus\vendor\codeigniter4\framework\system\Model.php(450): CodeIgniter\Database\BaseBuilder->update()
#5 D:\xampp\htdocs\Build-Plus\vendor\codeigniter4\framework\system\BaseModel.php(1028): CodeIgniter\Model->doUpdate(Array, Array)
#6 D:\xampp\htdocs\Build-Plus\vendor\codeigniter4\framework\system\Model.php(854): CodeIgniter\BaseModel->update(Array, Array)
#7 D:\xampp\htdocs\Build-Plus\app\services\StudentService.php(43): CodeIgniter\Model->update('1', Array)
#8 D:\xampp\htdocs\Build-Plus\app\Controllers\SinhvienController.php(33): App\Services\StudentService->updateStudent('1', 'masinhvien', 'SV001l')
#9 D:\xampp\htdocs\Build-Plus\vendor\codeigniter4\framework\system\CodeIgniter.php(933): App\Controllers\SinhvienController->updateStudent()
#10 D:\xampp\htdocs\Build-Plus\vendor\codeigniter4\framework\system\CodeIgniter.php(509): CodeIgniter\CodeIgniter->runController(Object(App\Controllers\SinhvienController))
#11 D:\xampp\htdocs\Build-Plus\vendor\codeigniter4\framework\system\CodeIgniter.php(355): CodeIgniter\CodeIgniter->handleRequest(NULL, Object(Config\Cache), false)
#12 D:\xampp\htdocs\Build-Plus\vendor\codeigniter4\framework\system\Boot.php(312): CodeIgniter\CodeIgniter->run()
#13 D:\xampp\htdocs\Build-Plus\vendor\codeigniter4\framework\system\Boot.php(67): CodeIgniter\Boot::runCodeIgniter(Object(CodeIgniter\CodeIgniter))
#14 D:\xampp\htdocs\Build-Plus\public\index.php(56): CodeIgniter\Boot::bootWeb(Object(Config\Paths))
#15 D:\xampp\htdocs\Build-Plus\vendor\codeigniter4\framework\system\Commands\Server\rewrite.php(49): require_once('D:\\xampp\\htdocs...')
#16 {main}
CRITICAL - 2024-06-12 02:33:42 --> CodeIgniter\Database\Exceptions\DatabaseException: Cannot add or update a child row: a foreign key constraint fails (`cnpm1`.`student`, CONSTRAINT `student_ibfk_1` FOREIGN KEY (`masinhvien`) REFERENCES `users` (`user_id`))
[Method: POST, Route: student/update]
in SYSTEMPATH\Database\BaseConnection.php on line 676.
 1 SYSTEMPATH\Database\BaseBuilder.php(2497): CodeIgniter\Database\BaseConnection->query('UPDATE `student` SET `masinhvien` = :masinhvien:
WHERE `student`.`id` IN :student.id:', [...], false)
 2 SYSTEMPATH\Model.php(450): CodeIgniter\Database\BaseBuilder->update()
 3 SYSTEMPATH\BaseModel.php(1028): CodeIgniter\Model->doUpdate([...], [...])
 4 SYSTEMPATH\Model.php(854): CodeIgniter\BaseModel->update([...], [...])
 5 APPPATH\services\StudentService.php(43): CodeIgniter\Model->update('1', [...])
 6 APPPATH\Controllers\SinhvienController.php(33): App\Services\StudentService->updateStudent('1', 'masinhvien', 'SV001l')
 7 SYSTEMPATH\CodeIgniter.php(933): App\Controllers\SinhvienController->updateStudent()
 8 SYSTEMPATH\CodeIgniter.php(509): CodeIgniter\CodeIgniter->runController(Object(App\Controllers\SinhvienController))
 9 SYSTEMPATH\CodeIgniter.php(355): CodeIgniter\CodeIgniter->handleRequest(null, Object(Config\Cache), false)
10 SYSTEMPATH\Boot.php(312): CodeIgniter\CodeIgniter->run()
11 SYSTEMPATH\Boot.php(67): CodeIgniter\Boot::runCodeIgniter(Object(CodeIgniter\CodeIgniter))
12 FCPATH\index.php(56): CodeIgniter\Boot::bootWeb(Object(Config\Paths))
13 SYSTEMPATH\Commands\Server\rewrite.php(49): require_once('D:\\xampp\\htdocs\\Build-Plus\\public\\index.php')
CRITICAL - 2024-06-12 02:33:42 --> [Caused by] CodeIgniter\Database\Exceptions\DatabaseException: Cannot add or update a child row: a foreign key constraint fails (`cnpm1`.`student`, CONSTRAINT `student_ibfk_1` FOREIGN KEY (`masinhvien`) REFERENCES `users` (`user_id`))
in SYSTEMPATH\Database\MySQLi\Connection.php on line 313.
 1 SYSTEMPATH\Database\BaseConnection.php(722): CodeIgniter\Database\MySQLi\Connection->execute('UPDATE `student` SET `masinhvien` = \'SV001l\'
WHERE `student`.`id` IN (\'1\')')
 2 SYSTEMPATH\Database\BaseConnection.php(636): CodeIgniter\Database\BaseConnection->simpleQuery('UPDATE `student` SET `masinhvien` = \'SV001l\'
WHERE `student`.`id` IN (\'1\')')
 3 SYSTEMPATH\Database\BaseBuilder.php(2497): CodeIgniter\Database\BaseConnection->query('UPDATE `student` SET `masinhvien` = :masinhvien:
WHERE `student`.`id` IN :student.id:', [...], false)
 4 SYSTEMPATH\Model.php(450): CodeIgniter\Database\BaseBuilder->update()
 5 SYSTEMPATH\BaseModel.php(1028): CodeIgniter\Model->doUpdate([...], [...])
 6 SYSTEMPATH\Model.php(854): CodeIgniter\BaseModel->update([...], [...])
 7 APPPATH\services\StudentService.php(43): CodeIgniter\Model->update('1', [...])
 8 APPPATH\Controllers\SinhvienController.php(33): App\Services\StudentService->updateStudent('1', 'masinhvien', 'SV001l')
 9 SYSTEMPATH\CodeIgniter.php(933): App\Controllers\SinhvienController->updateStudent()
10 SYSTEMPATH\CodeIgniter.php(509): CodeIgniter\CodeIgniter->runController(Object(App\Controllers\SinhvienController))
11 SYSTEMPATH\CodeIgniter.php(355): CodeIgniter\CodeIgniter->handleRequest(null, Object(Config\Cache), false)
12 SYSTEMPATH\Boot.php(312): CodeIgniter\CodeIgniter->run()
13 SYSTEMPATH\Boot.php(67): CodeIgniter\Boot::runCodeIgniter(Object(CodeIgniter\CodeIgniter))
14 FCPATH\index.php(56): CodeIgniter\Boot::bootWeb(Object(Config\Paths))
15 SYSTEMPATH\Commands\Server\rewrite.php(49): require_once('D:\\xampp\\htdocs\\Build-Plus\\public\\index.php')
CRITICAL - 2024-06-12 02:33:42 --> [Caused by] mysqli_sql_exception: Cannot add or update a child row: a foreign key constraint fails (`cnpm1`.`student`, CONSTRAINT `student_ibfk_1` FOREIGN KEY (`masinhvien`) REFERENCES `users` (`user_id`))
in SYSTEMPATH\Database\MySQLi\Connection.php on line 308.
 1 SYSTEMPATH\Database\MySQLi\Connection.php(308): mysqli->query('UPDATE `student` SET `masinhvien` = \'SV001l\'
WHERE `student`.`id` IN (\'1\')', 0)
 2 SYSTEMPATH\Database\BaseConnection.php(722): CodeIgniter\Database\MySQLi\Connection->execute('UPDATE `student` SET `masinhvien` = \'SV001l\'
WHERE `student`.`id` IN (\'1\')')
 3 SYSTEMPATH\Database\BaseConnection.php(636): CodeIgniter\Database\BaseConnection->simpleQuery('UPDATE `student` SET `masinhvien` = \'SV001l\'
WHERE `student`.`id` IN (\'1\')')
 4 SYSTEMPATH\Database\BaseBuilder.php(2497): CodeIgniter\Database\BaseConnection->query('UPDATE `student` SET `masinhvien` = :masinhvien:
WHERE `student`.`id` IN :student.id:', [...], false)
 5 SYSTEMPATH\Model.php(450): CodeIgniter\Database\BaseBuilder->update()
 6 SYSTEMPATH\BaseModel.php(1028): CodeIgniter\Model->doUpdate([...], [...])
 7 SYSTEMPATH\Model.php(854): CodeIgniter\BaseModel->update([...], [...])
 8 APPPATH\services\StudentService.php(43): CodeIgniter\Model->update('1', [...])
 9 APPPATH\Controllers\SinhvienController.php(33): App\Services\StudentService->updateStudent('1', 'masinhvien', 'SV001l')
10 SYSTEMPATH\CodeIgniter.php(933): App\Controllers\SinhvienController->updateStudent()
11 SYSTEMPATH\CodeIgniter.php(509): CodeIgniter\CodeIgniter->runController(Object(App\Controllers\SinhvienController))
12 SYSTEMPATH\CodeIgniter.php(355): CodeIgniter\CodeIgniter->handleRequest(null, Object(Config\Cache), false)
13 SYSTEMPATH\Boot.php(312): CodeIgniter\CodeIgniter->run()
14 SYSTEMPATH\Boot.php(67): CodeIgniter\Boot::runCodeIgniter(Object(CodeIgniter\CodeIgniter))
15 FCPATH\index.php(56): CodeIgniter\Boot::bootWeb(Object(Config\Paths))
16 SYSTEMPATH\Commands\Server\rewrite.php(49): require_once('D:\\xampp\\htdocs\\Build-Plus\\public\\index.php')
WARNING - 2024-06-12 02:33:45 --> [DEPRECATED] Creation of dynamic property App\Services\StudentService::$validation is deprecated in APPPATH\services\BaseService.php on line 8.
 1 APPPATH\services\StudentService.php(16): App\Services\BaseService->__construct()
 2 APPPATH\Controllers\SinhvienController.php(13): App\Services\StudentService->__construct()
 3 SYSTEMPATH\CodeIgniter.php(903): App\Controllers\SinhvienController->__construct()
 4 SYSTEMPATH\CodeIgniter.php(500): CodeIgniter\CodeIgniter->createController()
 5 SYSTEMPATH\CodeIgniter.php(355): CodeIgniter\CodeIgniter->handleRequest(null, Object(Config\Cache), false)
 6 SYSTEMPATH\Boot.php(312): CodeIgniter\CodeIgniter->run()
 7 SYSTEMPATH\Boot.php(67): CodeIgniter\Boot::runCodeIgniter(Object(CodeIgniter\CodeIgniter))
 8 FCPATH\index.php(56): CodeIgniter\Boot::bootWeb(Object(Config\Paths))
 9 SYSTEMPATH\Commands\Server\rewrite.php(49): require_once('D:\\xampp\\htdocs\\Build-Plus\\public\\index.php')
WARNING - 2024-06-12 02:33:52 --> [DEPRECATED] Creation of dynamic property App\Services\StudentService::$validation is deprecated in APPPATH\services\BaseService.php on line 8.
 1 APPPATH\services\StudentService.php(16): App\Services\BaseService->__construct()
 2 APPPATH\Controllers\SinhvienController.php(13): App\Services\StudentService->__construct()
 3 SYSTEMPATH\CodeIgniter.php(903): App\Controllers\SinhvienController->__construct()
 4 SYSTEMPATH\CodeIgniter.php(500): CodeIgniter\CodeIgniter->createController()
 5 SYSTEMPATH\CodeIgniter.php(355): CodeIgniter\CodeIgniter->handleRequest(null, Object(Config\Cache), false)
 6 SYSTEMPATH\Boot.php(312): CodeIgniter\CodeIgniter->run()
 7 SYSTEMPATH\Boot.php(67): CodeIgniter\Boot::runCodeIgniter(Object(CodeIgniter\CodeIgniter))
 8 FCPATH\index.php(56): CodeIgniter\Boot::bootWeb(Object(Config\Paths))
 9 SYSTEMPATH\Commands\Server\rewrite.php(49): require_once('D:\\xampp\\htdocs\\Build-Plus\\public\\index.php')
WARNING - 2024-06-12 02:33:55 --> [DEPRECATED] Creation of dynamic property App\Services\StudentService::$validation is deprecated in APPPATH\services\BaseService.php on line 8.
 1 APPPATH\services\StudentService.php(16): App\Services\BaseService->__construct()
 2 APPPATH\Controllers\SinhvienController.php(13): App\Services\StudentService->__construct()
 3 SYSTEMPATH\CodeIgniter.php(903): App\Controllers\SinhvienController->__construct()
 4 SYSTEMPATH\CodeIgniter.php(500): CodeIgniter\CodeIgniter->createController()
 5 SYSTEMPATH\CodeIgniter.php(355): CodeIgniter\CodeIgniter->handleRequest(null, Object(Config\Cache), false)
 6 SYSTEMPATH\Boot.php(312): CodeIgniter\CodeIgniter->run()
 7 SYSTEMPATH\Boot.php(67): CodeIgniter\Boot::runCodeIgniter(Object(CodeIgniter\CodeIgniter))
 8 FCPATH\index.php(56): CodeIgniter\Boot::bootWeb(Object(Config\Paths))
 9 SYSTEMPATH\Commands\Server\rewrite.php(49): require_once('D:\\xampp\\htdocs\\Build-Plus\\public\\index.php')
WARNING - 2024-06-12 03:07:46 --> [DEPRECATED] Creation of dynamic property App\Services\StudentService::$validation is deprecated in APPPATH\services\BaseService.php on line 8.
 1 APPPATH\services\StudentService.php(16): App\Services\BaseService->__construct()
 2 APPPATH\Controllers\SinhvienController.php(13): App\Services\StudentService->__construct()
 3 SYSTEMPATH\CodeIgniter.php(903): App\Controllers\SinhvienController->__construct()
 4 SYSTEMPATH\CodeIgniter.php(500): CodeIgniter\CodeIgniter->createController()
 5 SYSTEMPATH\CodeIgniter.php(355): CodeIgniter\CodeIgniter->handleRequest(null, Object(Config\Cache), false)
 6 SYSTEMPATH\Boot.php(312): CodeIgniter\CodeIgniter->run()
 7 SYSTEMPATH\Boot.php(67): CodeIgniter\Boot::runCodeIgniter(Object(CodeIgniter\CodeIgniter))
 8 FCPATH\index.php(56): CodeIgniter\Boot::bootWeb(Object(Config\Paths))
 9 SYSTEMPATH\Commands\Server\rewrite.php(49): require_once('D:\\xampp\\htdocs\\Build-Plus\\public\\index.php')
WARNING - 2024-06-12 03:09:56 --> [DEPRECATED] Creation of dynamic property App\Services\StudentService::$validation is deprecated in APPPATH\services\BaseService.php on line 8.
 1 APPPATH\services\StudentService.php(16): App\Services\BaseService->__construct()
 2 APPPATH\Controllers\SinhvienController.php(13): App\Services\StudentService->__construct()
 3 SYSTEMPATH\CodeIgniter.php(903): App\Controllers\SinhvienController->__construct()
 4 SYSTEMPATH\CodeIgniter.php(500): CodeIgniter\CodeIgniter->createController()
 5 SYSTEMPATH\CodeIgniter.php(355): CodeIgniter\CodeIgniter->handleRequest(null, Object(Config\Cache), false)
 6 SYSTEMPATH\Boot.php(312): CodeIgniter\CodeIgniter->run()
 7 SYSTEMPATH\Boot.php(67): CodeIgniter\Boot::runCodeIgniter(Object(CodeIgniter\CodeIgniter))
 8 FCPATH\index.php(56): CodeIgniter\Boot::bootWeb(Object(Config\Paths))
 9 SYSTEMPATH\Commands\Server\rewrite.php(49): require_once('D:\\xampp\\htdocs\\Build-Plus\\public\\index.php')
WARNING - 2024-06-12 03:26:01 --> [DEPRECATED] Creation of dynamic property App\Services\StudentService::$validation is deprecated in APPPATH\services\BaseService.php on line 8.
 1 APPPATH\services\StudentService.php(16): App\Services\BaseService->__construct()
 2 APPPATH\Controllers\SinhvienController.php(13): App\Services\StudentService->__construct()
 3 SYSTEMPATH\CodeIgniter.php(903): App\Controllers\SinhvienController->__construct()
 4 SYSTEMPATH\CodeIgniter.php(500): CodeIgniter\CodeIgniter->createController()
 5 SYSTEMPATH\CodeIgniter.php(355): CodeIgniter\CodeIgniter->handleRequest(null, Object(Config\Cache), false)
 6 SYSTEMPATH\Boot.php(312): CodeIgniter\CodeIgniter->run()
 7 SYSTEMPATH\Boot.php(67): CodeIgniter\Boot::runCodeIgniter(Object(CodeIgniter\CodeIgniter))
 8 FCPATH\index.php(56): CodeIgniter\Boot::bootWeb(Object(Config\Paths))
 9 SYSTEMPATH\Commands\Server\rewrite.php(49): require_once('D:\\xampp\\htdocs\\Build-Plus\\public\\index.php')
WARNING - 2024-06-12 03:26:03 --> [DEPRECATED] Creation of dynamic property App\Services\StudentService::$validation is deprecated in APPPATH\services\BaseService.php on line 8.
 1 APPPATH\services\StudentService.php(16): App\Services\BaseService->__construct()
 2 APPPATH\Controllers\SinhvienController.php(13): App\Services\StudentService->__construct()
 3 SYSTEMPATH\CodeIgniter.php(903): App\Controllers\SinhvienController->__construct()
 4 SYSTEMPATH\CodeIgniter.php(500): CodeIgniter\CodeIgniter->createController()
 5 SYSTEMPATH\CodeIgniter.php(355): CodeIgniter\CodeIgniter->handleRequest(null, Object(Config\Cache), false)
 6 SYSTEMPATH\Boot.php(312): CodeIgniter\CodeIgniter->run()
 7 SYSTEMPATH\Boot.php(67): CodeIgniter\Boot::runCodeIgniter(Object(CodeIgniter\CodeIgniter))
 8 FCPATH\index.php(56): CodeIgniter\Boot::bootWeb(Object(Config\Paths))
 9 SYSTEMPATH\Commands\Server\rewrite.php(49): require_once('D:\\xampp\\htdocs\\Build-Plus\\public\\index.php')
WARNING - 2024-06-12 03:28:17 --> [DEPRECATED] Creation of dynamic property App\Services\StudentService::$validation is deprecated in APPPATH\services\BaseService.php on line 8.
 1 APPPATH\services\StudentService.php(16): App\Services\BaseService->__construct()
 2 APPPATH\Controllers\SinhvienController.php(13): App\Services\StudentService->__construct()
 3 SYSTEMPATH\CodeIgniter.php(903): App\Controllers\SinhvienController->__construct()
 4 SYSTEMPATH\CodeIgniter.php(500): CodeIgniter\CodeIgniter->createController()
 5 SYSTEMPATH\CodeIgniter.php(355): CodeIgniter\CodeIgniter->handleRequest(null, Object(Config\Cache), false)
 6 SYSTEMPATH\Boot.php(312): CodeIgniter\CodeIgniter->run()
 7 SYSTEMPATH\Boot.php(67): CodeIgniter\Boot::runCodeIgniter(Object(CodeIgniter\CodeIgniter))
 8 FCPATH\index.php(56): CodeIgniter\Boot::bootWeb(Object(Config\Paths))
 9 SYSTEMPATH\Commands\Server\rewrite.php(49): require_once('D:\\xampp\\htdocs\\Build-Plus\\public\\index.php')
WARNING - 2024-06-12 03:29:45 --> [DEPRECATED] Creation of dynamic property App\Services\StudentService::$validation is deprecated in APPPATH\services\BaseService.php on line 8.
 1 APPPATH\services\StudentService.php(16): App\Services\BaseService->__construct()
 2 APPPATH\Controllers\SinhvienController.php(13): App\Services\StudentService->__construct()
 3 SYSTEMPATH\CodeIgniter.php(903): App\Controllers\SinhvienController->__construct()
 4 SYSTEMPATH\CodeIgniter.php(500): CodeIgniter\CodeIgniter->createController()
 5 SYSTEMPATH\CodeIgniter.php(355): CodeIgniter\CodeIgniter->handleRequest(null, Object(Config\Cache), false)
 6 SYSTEMPATH\Boot.php(312): CodeIgniter\CodeIgniter->run()
 7 SYSTEMPATH\Boot.php(67): CodeIgniter\Boot::runCodeIgniter(Object(CodeIgniter\CodeIgniter))
 8 FCPATH\index.php(56): CodeIgniter\Boot::bootWeb(Object(Config\Paths))
 9 SYSTEMPATH\Commands\Server\rewrite.php(49): require_once('D:\\xampp\\htdocs\\Build-Plus\\public\\index.php')
WARNING - 2024-06-12 03:29:51 --> [DEPRECATED] Creation of dynamic property App\Services\StudentService::$validation is deprecated in APPPATH\services\BaseService.php on line 8.
 1 APPPATH\services\StudentService.php(16): App\Services\BaseService->__construct()
 2 APPPATH\Controllers\SinhvienController.php(13): App\Services\StudentService->__construct()
 3 SYSTEMPATH\CodeIgniter.php(903): App\Controllers\SinhvienController->__construct()
 4 SYSTEMPATH\CodeIgniter.php(500): CodeIgniter\CodeIgniter->createController()
 5 SYSTEMPATH\CodeIgniter.php(355): CodeIgniter\CodeIgniter->handleRequest(null, Object(Config\Cache), false)
 6 SYSTEMPATH\Boot.php(312): CodeIgniter\CodeIgniter->run()
 7 SYSTEMPATH\Boot.php(67): CodeIgniter\Boot::runCodeIgniter(Object(CodeIgniter\CodeIgniter))
 8 FCPATH\index.php(56): CodeIgniter\Boot::bootWeb(Object(Config\Paths))
 9 SYSTEMPATH\Commands\Server\rewrite.php(49): require_once('D:\\xampp\\htdocs\\Build-Plus\\public\\index.php')
WARNING - 2024-06-12 03:30:00 --> [DEPRECATED] Creation of dynamic property App\Services\StudentService::$validation is deprecated in APPPATH\services\BaseService.php on line 8.
 1 APPPATH\services\StudentService.php(16): App\Services\BaseService->__construct()
 2 APPPATH\Controllers\SinhvienController.php(13): App\Services\StudentService->__construct()
 3 SYSTEMPATH\CodeIgniter.php(903): App\Controllers\SinhvienController->__construct()
 4 SYSTEMPATH\CodeIgniter.php(500): CodeIgniter\CodeIgniter->createController()
 5 SYSTEMPATH\CodeIgniter.php(355): CodeIgniter\CodeIgniter->handleRequest(null, Object(Config\Cache), false)
 6 SYSTEMPATH\Boot.php(312): CodeIgniter\CodeIgniter->run()
 7 SYSTEMPATH\Boot.php(67): CodeIgniter\Boot::runCodeIgniter(Object(CodeIgniter\CodeIgniter))
 8 FCPATH\index.php(56): CodeIgniter\Boot::bootWeb(Object(Config\Paths))
 9 SYSTEMPATH\Commands\Server\rewrite.php(49): require_once('D:\\xampp\\htdocs\\Build-Plus\\public\\index.php')
WARNING - 2024-06-12 03:30:07 --> [DEPRECATED] Creation of dynamic property App\Services\StudentService::$validation is deprecated in APPPATH\services\BaseService.php on line 8.
 1 APPPATH\services\StudentService.php(16): App\Services\BaseService->__construct()
 2 APPPATH\Controllers\SinhvienController.php(13): App\Services\StudentService->__construct()
 3 SYSTEMPATH\CodeIgniter.php(903): App\Controllers\SinhvienController->__construct()
 4 SYSTEMPATH\CodeIgniter.php(500): CodeIgniter\CodeIgniter->createController()
 5 SYSTEMPATH\CodeIgniter.php(355): CodeIgniter\CodeIgniter->handleRequest(null, Object(Config\Cache), false)
 6 SYSTEMPATH\Boot.php(312): CodeIgniter\CodeIgniter->run()
 7 SYSTEMPATH\Boot.php(67): CodeIgniter\Boot::runCodeIgniter(Object(CodeIgniter\CodeIgniter))
 8 FCPATH\index.php(56): CodeIgniter\Boot::bootWeb(Object(Config\Paths))
 9 SYSTEMPATH\Commands\Server\rewrite.php(49): require_once('D:\\xampp\\htdocs\\Build-Plus\\public\\index.php')
WARNING - 2024-06-12 03:30:37 --> [DEPRECATED] Creation of dynamic property App\Services\StudentService::$validation is deprecated in APPPATH\services\BaseService.php on line 8.
 1 APPPATH\services\StudentService.php(16): App\Services\BaseService->__construct()
 2 APPPATH\Controllers\SinhvienController.php(13): App\Services\StudentService->__construct()
 3 SYSTEMPATH\CodeIgniter.php(903): App\Controllers\SinhvienController->__construct()
 4 SYSTEMPATH\CodeIgniter.php(500): CodeIgniter\CodeIgniter->createController()
 5 SYSTEMPATH\CodeIgniter.php(355): CodeIgniter\CodeIgniter->handleRequest(null, Object(Config\Cache), false)
 6 SYSTEMPATH\Boot.php(312): CodeIgniter\CodeIgniter->run()
 7 SYSTEMPATH\Boot.php(67): CodeIgniter\Boot::runCodeIgniter(Object(CodeIgniter\CodeIgniter))
 8 FCPATH\index.php(56): CodeIgniter\Boot::bootWeb(Object(Config\Paths))
 9 SYSTEMPATH\Commands\Server\rewrite.php(49): require_once('D:\\xampp\\htdocs\\Build-Plus\\public\\index.php')
WARNING - 2024-06-12 03:30:42 --> [DEPRECATED] Creation of dynamic property App\Services\StudentService::$validation is deprecated in APPPATH\services\BaseService.php on line 8.
 1 APPPATH\services\StudentService.php(16): App\Services\BaseService->__construct()
 2 APPPATH\Controllers\SinhvienController.php(13): App\Services\StudentService->__construct()
 3 SYSTEMPATH\CodeIgniter.php(903): App\Controllers\SinhvienController->__construct()
 4 SYSTEMPATH\CodeIgniter.php(500): CodeIgniter\CodeIgniter->createController()
 5 SYSTEMPATH\CodeIgniter.php(355): CodeIgniter\CodeIgniter->handleRequest(null, Object(Config\Cache), false)
 6 SYSTEMPATH\Boot.php(312): CodeIgniter\CodeIgniter->run()
 7 SYSTEMPATH\Boot.php(67): CodeIgniter\Boot::runCodeIgniter(Object(CodeIgniter\CodeIgniter))
 8 FCPATH\index.php(56): CodeIgniter\Boot::bootWeb(Object(Config\Paths))
 9 SYSTEMPATH\Commands\Server\rewrite.php(49): require_once('D:\\xampp\\htdocs\\Build-Plus\\public\\index.php')
WARNING - 2024-06-12 03:31:43 --> [DEPRECATED] Creation of dynamic property App\Services\StudentService::$validation is deprecated in APPPATH\services\BaseService.php on line 8.
 1 APPPATH\services\StudentService.php(16): App\Services\BaseService->__construct()
 2 APPPATH\Controllers\SinhvienController.php(13): App\Services\StudentService->__construct()
 3 SYSTEMPATH\CodeIgniter.php(903): App\Controllers\SinhvienController->__construct()
 4 SYSTEMPATH\CodeIgniter.php(500): CodeIgniter\CodeIgniter->createController()
 5 SYSTEMPATH\CodeIgniter.php(355): CodeIgniter\CodeIgniter->handleRequest(null, Object(Config\Cache), false)
 6 SYSTEMPATH\Boot.php(312): CodeIgniter\CodeIgniter->run()
 7 SYSTEMPATH\Boot.php(67): CodeIgniter\Boot::runCodeIgniter(Object(CodeIgniter\CodeIgniter))
 8 FCPATH\index.php(56): CodeIgniter\Boot::bootWeb(Object(Config\Paths))
 9 SYSTEMPATH\Commands\Server\rewrite.php(49): require_once('D:\\xampp\\htdocs\\Build-Plus\\public\\index.php')
WARNING - 2024-06-12 03:31:49 --> [DEPRECATED] Creation of dynamic property App\Services\StudentService::$validation is deprecated in APPPATH\services\BaseService.php on line 8.
 1 APPPATH\services\StudentService.php(16): App\Services\BaseService->__construct()
 2 APPPATH\Controllers\SinhvienController.php(13): App\Services\StudentService->__construct()
 3 SYSTEMPATH\CodeIgniter.php(903): App\Controllers\SinhvienController->__construct()
 4 SYSTEMPATH\CodeIgniter.php(500): CodeIgniter\CodeIgniter->createController()
 5 SYSTEMPATH\CodeIgniter.php(355): CodeIgniter\CodeIgniter->handleRequest(null, Object(Config\Cache), false)
 6 SYSTEMPATH\Boot.php(312): CodeIgniter\CodeIgniter->run()
 7 SYSTEMPATH\Boot.php(67): CodeIgniter\Boot::runCodeIgniter(Object(CodeIgniter\CodeIgniter))
 8 FCPATH\index.php(56): CodeIgniter\Boot::bootWeb(Object(Config\Paths))
 9 SYSTEMPATH\Commands\Server\rewrite.php(49): require_once('D:\\xampp\\htdocs\\Build-Plus\\public\\index.php')
WARNING - 2024-06-12 03:35:05 --> [DEPRECATED] Creation of dynamic property App\Services\StudentService::$validation is deprecated in APPPATH\services\BaseService.php on line 8.
 1 APPPATH\services\StudentService.php(16): App\Services\BaseService->__construct()
 2 APPPATH\Controllers\SinhvienController.php(13): App\Services\StudentService->__construct()
 3 SYSTEMPATH\CodeIgniter.php(903): App\Controllers\SinhvienController->__construct()
 4 SYSTEMPATH\CodeIgniter.php(500): CodeIgniter\CodeIgniter->createController()
 5 SYSTEMPATH\CodeIgniter.php(355): CodeIgniter\CodeIgniter->handleRequest(null, Object(Config\Cache), false)
 6 SYSTEMPATH\Boot.php(312): CodeIgniter\CodeIgniter->run()
 7 SYSTEMPATH\Boot.php(67): CodeIgniter\Boot::runCodeIgniter(Object(CodeIgniter\CodeIgniter))
 8 FCPATH\index.php(56): CodeIgniter\Boot::bootWeb(Object(Config\Paths))
 9 SYSTEMPATH\Commands\Server\rewrite.php(49): require_once('D:\\xampp\\htdocs\\Build-Plus\\public\\index.php')
WARNING - 2024-06-12 03:35:25 --> [DEPRECATED] Creation of dynamic property App\Services\StudentService::$validation is deprecated in APPPATH\services\BaseService.php on line 8.
 1 APPPATH\services\StudentService.php(16): App\Services\BaseService->__construct()
 2 APPPATH\Controllers\SinhvienController.php(13): App\Services\StudentService->__construct()
 3 SYSTEMPATH\CodeIgniter.php(903): App\Controllers\SinhvienController->__construct()
 4 SYSTEMPATH\CodeIgniter.php(500): CodeIgniter\CodeIgniter->createController()
 5 SYSTEMPATH\CodeIgniter.php(355): CodeIgniter\CodeIgniter->handleRequest(null, Object(Config\Cache), false)
 6 SYSTEMPATH\Boot.php(312): CodeIgniter\CodeIgniter->run()
 7 SYSTEMPATH\Boot.php(67): CodeIgniter\Boot::runCodeIgniter(Object(CodeIgniter\CodeIgniter))
 8 FCPATH\index.php(56): CodeIgniter\Boot::bootWeb(Object(Config\Paths))
 9 SYSTEMPATH\Commands\Server\rewrite.php(49): require_once('D:\\xampp\\htdocs\\Build-Plus\\public\\index.php')
WARNING - 2024-06-12 03:41:37 --> [DEPRECATED] Creation of dynamic property App\Services\StudentService::$validation is deprecated in APPPATH\services\BaseService.php on line 8.
 1 APPPATH\services\StudentService.php(16): App\Services\BaseService->__construct()
 2 APPPATH\Controllers\SinhvienController.php(13): App\Services\StudentService->__construct()
 3 SYSTEMPATH\CodeIgniter.php(903): App\Controllers\SinhvienController->__construct()
 4 SYSTEMPATH\CodeIgniter.php(500): CodeIgniter\CodeIgniter->createController()
 5 SYSTEMPATH\CodeIgniter.php(355): CodeIgniter\CodeIgniter->handleRequest(null, Object(Config\Cache), false)
 6 SYSTEMPATH\Boot.php(312): CodeIgniter\CodeIgniter->run()
 7 SYSTEMPATH\Boot.php(67): CodeIgniter\Boot::runCodeIgniter(Object(CodeIgniter\CodeIgniter))
 8 FCPATH\index.php(56): CodeIgniter\Boot::bootWeb(Object(Config\Paths))
 9 SYSTEMPATH\Commands\Server\rewrite.php(49): require_once('D:\\xampp\\htdocs\\Build-Plus\\public\\index.php')
ERROR - 2024-06-12 03:41:37 --> mysqli_sql_exception: Unknown column 'student.hinhanh' in 'field list' in D:\xampp\htdocs\Build-Plus\vendor\codeigniter4\framework\system\Database\MySQLi\Connection.php:308
Stack trace:
#0 D:\xampp\htdocs\Build-Plus\vendor\codeigniter4\framework\system\Database\MySQLi\Connection.php(308): mysqli->query('SELECT `student...', 0)
#1 D:\xampp\htdocs\Build-Plus\vendor\codeigniter4\framework\system\Database\BaseConnection.php(722): CodeIgniter\Database\MySQLi\Connection->execute('SELECT `student...')
#2 D:\xampp\htdocs\Build-Plus\vendor\codeigniter4\framework\system\Database\BaseConnection.php(636): CodeIgniter\Database\BaseConnection->simpleQuery('SELECT `student...')
#3 D:\xampp\htdocs\Build-Plus\vendor\codeigniter4\framework\system\Database\BaseBuilder.php(1629): CodeIgniter\Database\BaseConnection->query('SELECT `student...', Array, false)
#4 D:\xampp\htdocs\Build-Plus\vendor\codeigniter4\framework\system\Model.php(919): CodeIgniter\Database\BaseBuilder->get()
#5 D:\xampp\htdocs\Build-Plus\app\services\StudentService.php(26): CodeIgniter\Model->__call('get', Array)
#6 D:\xampp\htdocs\Build-Plus\app\Controllers\SinhvienController.php(24): App\Services\StudentService->getAllStudent()
#7 D:\xampp\htdocs\Build-Plus\vendor\codeigniter4\framework\system\CodeIgniter.php(933): App\Controllers\SinhvienController->index()
#8 D:\xampp\htdocs\Build-Plus\vendor\codeigniter4\framework\system\CodeIgniter.php(509): CodeIgniter\CodeIgniter->runController(Object(App\Controllers\SinhvienController))
#9 D:\xampp\htdocs\Build-Plus\vendor\codeigniter4\framework\system\CodeIgniter.php(355): CodeIgniter\CodeIgniter->handleRequest(NULL, Object(Config\Cache), false)
#10 D:\xampp\htdocs\Build-Plus\vendor\codeigniter4\framework\system\Boot.php(312): CodeIgniter\CodeIgniter->run()
#11 D:\xampp\htdocs\Build-Plus\vendor\codeigniter4\framework\system\Boot.php(67): CodeIgniter\Boot::runCodeIgniter(Object(CodeIgniter\CodeIgniter))
#12 D:\xampp\htdocs\Build-Plus\public\index.php(56): CodeIgniter\Boot::bootWeb(Object(Config\Paths))
#13 D:\xampp\htdocs\Build-Plus\vendor\codeigniter4\framework\system\Commands\Server\rewrite.php(49): require_once('D:\\xampp\\htdocs...')
#14 {main}
CRITICAL - 2024-06-12 03:41:37 --> CodeIgniter\Database\Exceptions\DatabaseException: Unknown column 'student.hinhanh' in 'field list'
[Method: GET, Route: list-sinhvien]
in SYSTEMPATH\Database\BaseConnection.php on line 676.
 1 SYSTEMPATH\Database\BaseBuilder.php(1629): CodeIgniter\Database\BaseConnection->query('SELECT `student`.`id`, `student`.`masinhvien`, `student`.`name`, `class`.`nameClass`, `student`.`phone`, `student`.`ngaysinh`, `student`.`gioitinh`, `student`.`dantoc`, `student`.`diachi`, `student`.`quequan`, `student`.`hinhanh`
FROM `student`
JOIN `student_class` ON `student`.`id` = `student_class`.`student_id`
JOIN `class` ON `student_class`.`class_id` = `class`.`id`', [], false)
 2 SYSTEMPATH\Model.php(919): CodeIgniter\Database\BaseBuilder->get()
 3 APPPATH\services\StudentService.php(26): CodeIgniter\Model->__call('get', [])
 4 APPPATH\Controllers\SinhvienController.php(24): App\Services\StudentService->getAllStudent()
 5 SYSTEMPATH\CodeIgniter.php(933): App\Controllers\SinhvienController->index()
 6 SYSTEMPATH\CodeIgniter.php(509): CodeIgniter\CodeIgniter->runController(Object(App\Controllers\SinhvienController))
 7 SYSTEMPATH\CodeIgniter.php(355): CodeIgniter\CodeIgniter->handleRequest(null, Object(Config\Cache), false)
 8 SYSTEMPATH\Boot.php(312): CodeIgniter\CodeIgniter->run()
 9 SYSTEMPATH\Boot.php(67): CodeIgniter\Boot::runCodeIgniter(Object(CodeIgniter\CodeIgniter))
10 FCPATH\index.php(56): CodeIgniter\Boot::bootWeb(Object(Config\Paths))
11 SYSTEMPATH\Commands\Server\rewrite.php(49): require_once('D:\\xampp\\htdocs\\Build-Plus\\public\\index.php')
CRITICAL - 2024-06-12 03:41:37 --> [Caused by] CodeIgniter\Database\Exceptions\DatabaseException: Unknown column 'student.hinhanh' in 'field list'
in SYSTEMPATH\Database\MySQLi\Connection.php on line 313.
 1 SYSTEMPATH\Database\BaseConnection.php(722): CodeIgniter\Database\MySQLi\Connection->execute('SELECT `student`.`id`, `student`.`masinhvien`, `student`.`name`, `class`.`nameClass`, `student`.`phone`, `student`.`ngaysinh`, `student`.`gioitinh`, `student`.`dantoc`, `student`.`diachi`, `student`.`quequan`, `student`.`hinhanh`
FROM `student`
JOIN `student_class` ON `student`.`id` = `student_class`.`student_id`
JOIN `class` ON `student_class`.`class_id` = `class`.`id`')
 2 SYSTEMPATH\Database\BaseConnection.php(636): CodeIgniter\Database\BaseConnection->simpleQuery('SELECT `student`.`id`, `student`.`masinhvien`, `student`.`name`, `class`.`nameClass`, `student`.`phone`, `student`.`ngaysinh`, `student`.`gioitinh`, `student`.`dantoc`, `student`.`diachi`, `student`.`quequan`, `student`.`hinhanh`
FROM `student`
JOIN `student_class` ON `student`.`id` = `student_class`.`student_id`
JOIN `class` ON `student_class`.`class_id` = `class`.`id`')
 3 SYSTEMPATH\Database\BaseBuilder.php(1629): CodeIgniter\Database\BaseConnection->query('SELECT `student`.`id`, `student`.`masinhvien`, `student`.`name`, `class`.`nameClass`, `student`.`phone`, `student`.`ngaysinh`, `student`.`gioitinh`, `student`.`dantoc`, `student`.`diachi`, `student`.`quequan`, `student`.`hinhanh`
FROM `student`
JOIN `student_class` ON `student`.`id` = `student_class`.`student_id`
JOIN `class` ON `student_class`.`class_id` = `class`.`id`', [], false)
 4 SYSTEMPATH\Model.php(919): CodeIgniter\Database\BaseBuilder->get()
 5 APPPATH\services\StudentService.php(26): CodeIgniter\Model->__call('get', [])
 6 APPPATH\Controllers\SinhvienController.php(24): App\Services\StudentService->getAllStudent()
 7 SYSTEMPATH\CodeIgniter.php(933): App\Controllers\SinhvienController->index()
 8 SYSTEMPATH\CodeIgniter.php(509): CodeIgniter\CodeIgniter->runController(Object(App\Controllers\SinhvienController))
 9 SYSTEMPATH\CodeIgniter.php(355): CodeIgniter\CodeIgniter->handleRequest(null, Object(Config\Cache), false)
10 SYSTEMPATH\Boot.php(312): CodeIgniter\CodeIgniter->run()
11 SYSTEMPATH\Boot.php(67): CodeIgniter\Boot::runCodeIgniter(Object(CodeIgniter\CodeIgniter))
12 FCPATH\index.php(56): CodeIgniter\Boot::bootWeb(Object(Config\Paths))
13 SYSTEMPATH\Commands\Server\rewrite.php(49): require_once('D:\\xampp\\htdocs\\Build-Plus\\public\\index.php')
CRITICAL - 2024-06-12 03:41:37 --> [Caused by] mysqli_sql_exception: Unknown column 'student.hinhanh' in 'field list'
in SYSTEMPATH\Database\MySQLi\Connection.php on line 308.
 1 SYSTEMPATH\Database\MySQLi\Connection.php(308): mysqli->query('SELECT `student`.`id`, `student`.`masinhvien`, `student`.`name`, `class`.`nameClass`, `student`.`phone`, `student`.`ngaysinh`, `student`.`gioitinh`, `student`.`dantoc`, `student`.`diachi`, `student`.`quequan`, `student`.`hinhanh`
FROM `student`
JOIN `student_class` ON `student`.`id` = `student_class`.`student_id`
JOIN `class` ON `student_class`.`class_id` = `class`.`id`', 0)
 2 SYSTEMPATH\Database\BaseConnection.php(722): CodeIgniter\Database\MySQLi\Connection->execute('SELECT `student`.`id`, `student`.`masinhvien`, `student`.`name`, `class`.`nameClass`, `student`.`phone`, `student`.`ngaysinh`, `student`.`gioitinh`, `student`.`dantoc`, `student`.`diachi`, `student`.`quequan`, `student`.`hinhanh`
FROM `student`
JOIN `student_class` ON `student`.`id` = `student_class`.`student_id`
JOIN `class` ON `student_class`.`class_id` = `class`.`id`')
 3 SYSTEMPATH\Database\BaseConnection.php(636): CodeIgniter\Database\BaseConnection->simpleQuery('SELECT `student`.`id`, `student`.`masinhvien`, `student`.`name`, `class`.`nameClass`, `student`.`phone`, `student`.`ngaysinh`, `student`.`gioitinh`, `student`.`dantoc`, `student`.`diachi`, `student`.`quequan`, `student`.`hinhanh`
FROM `student`
JOIN `student_class` ON `student`.`id` = `student_class`.`student_id`
JOIN `class` ON `student_class`.`class_id` = `class`.`id`')
 4 SYSTEMPATH\Database\BaseBuilder.php(1629): CodeIgniter\Database\BaseConnection->query('SELECT `student`.`id`, `student`.`masinhvien`, `student`.`name`, `class`.`nameClass`, `student`.`phone`, `student`.`ngaysinh`, `student`.`gioitinh`, `student`.`dantoc`, `student`.`diachi`, `student`.`quequan`, `student`.`hinhanh`
FROM `student`
JOIN `student_class` ON `student`.`id` = `student_class`.`student_id`
JOIN `class` ON `student_class`.`class_id` = `class`.`id`', [], false)
 5 SYSTEMPATH\Model.php(919): CodeIgniter\Database\BaseBuilder->get()
 6 APPPATH\services\StudentService.php(26): CodeIgniter\Model->__call('get', [])
 7 APPPATH\Controllers\SinhvienController.php(24): App\Services\StudentService->getAllStudent()
 8 SYSTEMPATH\CodeIgniter.php(933): App\Controllers\SinhvienController->index()
 9 SYSTEMPATH\CodeIgniter.php(509): CodeIgniter\CodeIgniter->runController(Object(App\Controllers\SinhvienController))
10 SYSTEMPATH\CodeIgniter.php(355): CodeIgniter\CodeIgniter->handleRequest(null, Object(Config\Cache), false)
11 SYSTEMPATH\Boot.php(312): CodeIgniter\CodeIgniter->run()
12 SYSTEMPATH\Boot.php(67): CodeIgniter\Boot::runCodeIgniter(Object(CodeIgniter\CodeIgniter))
13 FCPATH\index.php(56): CodeIgniter\Boot::bootWeb(Object(Config\Paths))
14 SYSTEMPATH\Commands\Server\rewrite.php(49): require_once('D:\\xampp\\htdocs\\Build-Plus\\public\\index.php')
WARNING - 2024-06-12 03:42:00 --> [DEPRECATED] Creation of dynamic property App\Services\StudentService::$validation is deprecated in APPPATH\services\BaseService.php on line 8.
 1 APPPATH\services\StudentService.php(16): App\Services\BaseService->__construct()
 2 APPPATH\Controllers\SinhvienController.php(13): App\Services\StudentService->__construct()
 3 SYSTEMPATH\CodeIgniter.php(903): App\Controllers\SinhvienController->__construct()
 4 SYSTEMPATH\CodeIgniter.php(500): CodeIgniter\CodeIgniter->createController()
 5 SYSTEMPATH\CodeIgniter.php(355): CodeIgniter\CodeIgniter->handleRequest(null, Object(Config\Cache), false)
 6 SYSTEMPATH\Boot.php(312): CodeIgniter\CodeIgniter->run()
 7 SYSTEMPATH\Boot.php(67): CodeIgniter\Boot::runCodeIgniter(Object(CodeIgniter\CodeIgniter))
 8 FCPATH\index.php(56): CodeIgniter\Boot::bootWeb(Object(Config\Paths))
 9 SYSTEMPATH\Commands\Server\rewrite.php(49): require_once('D:\\xampp\\htdocs\\Build-Plus\\public\\index.php')
WARNING - 2024-06-12 03:42:09 --> [DEPRECATED] Creation of dynamic property App\Services\StudentService::$validation is deprecated in APPPATH\services\BaseService.php on line 8.
 1 APPPATH\services\StudentService.php(16): App\Services\BaseService->__construct()
 2 APPPATH\Controllers\SinhvienController.php(13): App\Services\StudentService->__construct()
 3 SYSTEMPATH\CodeIgniter.php(903): App\Controllers\SinhvienController->__construct()
 4 SYSTEMPATH\CodeIgniter.php(500): CodeIgniter\CodeIgniter->createController()
 5 SYSTEMPATH\CodeIgniter.php(355): CodeIgniter\CodeIgniter->handleRequest(null, Object(Config\Cache), false)
 6 SYSTEMPATH\Boot.php(312): CodeIgniter\CodeIgniter->run()
 7 SYSTEMPATH\Boot.php(67): CodeIgniter\Boot::runCodeIgniter(Object(CodeIgniter\CodeIgniter))
 8 FCPATH\index.php(56): CodeIgniter\Boot::bootWeb(Object(Config\Paths))
 9 SYSTEMPATH\Commands\Server\rewrite.php(49): require_once('D:\\xampp\\htdocs\\Build-Plus\\public\\index.php')
WARNING - 2024-06-12 03:42:43 --> [DEPRECATED] Creation of dynamic property App\Services\StudentService::$validation is deprecated in APPPATH\services\BaseService.php on line 8.
 1 APPPATH\services\StudentService.php(16): App\Services\BaseService->__construct()
 2 APPPATH\Controllers\SinhvienController.php(13): App\Services\StudentService->__construct()
 3 SYSTEMPATH\CodeIgniter.php(903): App\Controllers\SinhvienController->__construct()
 4 SYSTEMPATH\CodeIgniter.php(500): CodeIgniter\CodeIgniter->createController()
 5 SYSTEMPATH\CodeIgniter.php(355): CodeIgniter\CodeIgniter->handleRequest(null, Object(Config\Cache), false)
 6 SYSTEMPATH\Boot.php(312): CodeIgniter\CodeIgniter->run()
 7 SYSTEMPATH\Boot.php(67): CodeIgniter\Boot::runCodeIgniter(Object(CodeIgniter\CodeIgniter))
 8 FCPATH\index.php(56): CodeIgniter\Boot::bootWeb(Object(Config\Paths))
 9 SYSTEMPATH\Commands\Server\rewrite.php(49): require_once('D:\\xampp\\htdocs\\Build-Plus\\public\\index.php')
WARNING - 2024-06-12 03:42:50 --> [DEPRECATED] Creation of dynamic property App\Services\StudentService::$validation is deprecated in APPPATH\services\BaseService.php on line 8.
 1 APPPATH\services\StudentService.php(16): App\Services\BaseService->__construct()
 2 APPPATH\Controllers\SinhvienController.php(13): App\Services\StudentService->__construct()
 3 SYSTEMPATH\CodeIgniter.php(903): App\Controllers\SinhvienController->__construct()
 4 SYSTEMPATH\CodeIgniter.php(500): CodeIgniter\CodeIgniter->createController()
 5 SYSTEMPATH\CodeIgniter.php(355): CodeIgniter\CodeIgniter->handleRequest(null, Object(Config\Cache), false)
 6 SYSTEMPATH\Boot.php(312): CodeIgniter\CodeIgniter->run()
 7 SYSTEMPATH\Boot.php(67): CodeIgniter\Boot::runCodeIgniter(Object(CodeIgniter\CodeIgniter))
 8 FCPATH\index.php(56): CodeIgniter\Boot::bootWeb(Object(Config\Paths))
 9 SYSTEMPATH\Commands\Server\rewrite.php(49): require_once('D:\\xampp\\htdocs\\Build-Plus\\public\\index.php')
WARNING - 2024-06-12 03:43:52 --> [DEPRECATED] Creation of dynamic property App\Services\StudentService::$validation is deprecated in APPPATH\services\BaseService.php on line 8.
 1 APPPATH\services\StudentService.php(16): App\Services\BaseService->__construct()
 2 APPPATH\Controllers\SinhvienController.php(13): App\Services\StudentService->__construct()
 3 SYSTEMPATH\CodeIgniter.php(903): App\Controllers\SinhvienController->__construct()
 4 SYSTEMPATH\CodeIgniter.php(500): CodeIgniter\CodeIgniter->createController()
 5 SYSTEMPATH\CodeIgniter.php(355): CodeIgniter\CodeIgniter->handleRequest(null, Object(Config\Cache), false)
 6 SYSTEMPATH\Boot.php(312): CodeIgniter\CodeIgniter->run()
 7 SYSTEMPATH\Boot.php(67): CodeIgniter\Boot::runCodeIgniter(Object(CodeIgniter\CodeIgniter))
 8 FCPATH\index.php(56): CodeIgniter\Boot::bootWeb(Object(Config\Paths))
 9 SYSTEMPATH\Commands\Server\rewrite.php(49): require_once('D:\\xampp\\htdocs\\Build-Plus\\public\\index.php')
WARNING - 2024-06-12 03:43:56 --> [DEPRECATED] Creation of dynamic property App\Services\StudentService::$validation is deprecated in APPPATH\services\BaseService.php on line 8.
 1 APPPATH\services\StudentService.php(16): App\Services\BaseService->__construct()
 2 APPPATH\Controllers\SinhvienController.php(13): App\Services\StudentService->__construct()
 3 SYSTEMPATH\CodeIgniter.php(903): App\Controllers\SinhvienController->__construct()
 4 SYSTEMPATH\CodeIgniter.php(500): CodeIgniter\CodeIgniter->createController()
 5 SYSTEMPATH\CodeIgniter.php(355): CodeIgniter\CodeIgniter->handleRequest(null, Object(Config\Cache), false)
 6 SYSTEMPATH\Boot.php(312): CodeIgniter\CodeIgniter->run()
 7 SYSTEMPATH\Boot.php(67): CodeIgniter\Boot::runCodeIgniter(Object(CodeIgniter\CodeIgniter))
 8 FCPATH\index.php(56): CodeIgniter\Boot::bootWeb(Object(Config\Paths))
 9 SYSTEMPATH\Commands\Server\rewrite.php(49): require_once('D:\\xampp\\htdocs\\Build-Plus\\public\\index.php')
WARNING - 2024-06-12 03:44:28 --> [DEPRECATED] Creation of dynamic property App\Services\StudentService::$validation is deprecated in APPPATH\services\BaseService.php on line 8.
 1 APPPATH\services\StudentService.php(16): App\Services\BaseService->__construct()
 2 APPPATH\Controllers\SinhvienController.php(13): App\Services\StudentService->__construct()
 3 SYSTEMPATH\CodeIgniter.php(903): App\Controllers\SinhvienController->__construct()
 4 SYSTEMPATH\CodeIgniter.php(500): CodeIgniter\CodeIgniter->createController()
 5 SYSTEMPATH\CodeIgniter.php(355): CodeIgniter\CodeIgniter->handleRequest(null, Object(Config\Cache), false)
 6 SYSTEMPATH\Boot.php(312): CodeIgniter\CodeIgniter->run()
 7 SYSTEMPATH\Boot.php(67): CodeIgniter\Boot::runCodeIgniter(Object(CodeIgniter\CodeIgniter))
 8 FCPATH\index.php(56): CodeIgniter\Boot::bootWeb(Object(Config\Paths))
 9 SYSTEMPATH\Commands\Server\rewrite.php(49): require_once('D:\\xampp\\htdocs\\Build-Plus\\public\\index.php')
WARNING - 2024-06-12 03:44:34 --> [DEPRECATED] Creation of dynamic property App\Services\StudentService::$validation is deprecated in APPPATH\services\BaseService.php on line 8.
 1 APPPATH\services\StudentService.php(16): App\Services\BaseService->__construct()
 2 APPPATH\Controllers\SinhvienController.php(13): App\Services\StudentService->__construct()
 3 SYSTEMPATH\CodeIgniter.php(903): App\Controllers\SinhvienController->__construct()
 4 SYSTEMPATH\CodeIgniter.php(500): CodeIgniter\CodeIgniter->createController()
 5 SYSTEMPATH\CodeIgniter.php(355): CodeIgniter\CodeIgniter->handleRequest(null, Object(Config\Cache), false)
 6 SYSTEMPATH\Boot.php(312): CodeIgniter\CodeIgniter->run()
 7 SYSTEMPATH\Boot.php(67): CodeIgniter\Boot::runCodeIgniter(Object(CodeIgniter\CodeIgniter))
 8 FCPATH\index.php(56): CodeIgniter\Boot::bootWeb(Object(Config\Paths))
 9 SYSTEMPATH\Commands\Server\rewrite.php(49): require_once('D:\\xampp\\htdocs\\Build-Plus\\public\\index.php')
WARNING - 2024-06-12 03:48:49 --> [DEPRECATED] Creation of dynamic property App\Services\StudentService::$validation is deprecated in APPPATH\services\BaseService.php on line 8.
 1 APPPATH\services\StudentService.php(16): App\Services\BaseService->__construct()
 2 APPPATH\Controllers\SinhvienController.php(13): App\Services\StudentService->__construct()
 3 SYSTEMPATH\CodeIgniter.php(903): App\Controllers\SinhvienController->__construct()
 4 SYSTEMPATH\CodeIgniter.php(500): CodeIgniter\CodeIgniter->createController()
 5 SYSTEMPATH\CodeIgniter.php(355): CodeIgniter\CodeIgniter->handleRequest(null, Object(Config\Cache), false)
 6 SYSTEMPATH\Boot.php(312): CodeIgniter\CodeIgniter->run()
 7 SYSTEMPATH\Boot.php(67): CodeIgniter\Boot::runCodeIgniter(Object(CodeIgniter\CodeIgniter))
 8 FCPATH\index.php(56): CodeIgniter\Boot::bootWeb(Object(Config\Paths))
 9 SYSTEMPATH\Commands\Server\rewrite.php(49): require_once('D:\\xampp\\htdocs\\Build-Plus\\public\\index.php')
WARNING - 2024-06-12 03:48:54 --> [DEPRECATED] Creation of dynamic property App\Services\StudentService::$validation is deprecated in APPPATH\services\BaseService.php on line 8.
 1 APPPATH\services\StudentService.php(16): App\Services\BaseService->__construct()
 2 APPPATH\Controllers\SinhvienController.php(13): App\Services\StudentService->__construct()
 3 SYSTEMPATH\CodeIgniter.php(903): App\Controllers\SinhvienController->__construct()
 4 SYSTEMPATH\CodeIgniter.php(500): CodeIgniter\CodeIgniter->createController()
 5 SYSTEMPATH\CodeIgniter.php(355): CodeIgniter\CodeIgniter->handleRequest(null, Object(Config\Cache), false)
 6 SYSTEMPATH\Boot.php(312): CodeIgniter\CodeIgniter->run()
 7 SYSTEMPATH\Boot.php(67): CodeIgniter\Boot::runCodeIgniter(Object(CodeIgniter\CodeIgniter))
 8 FCPATH\index.php(56): CodeIgniter\Boot::bootWeb(Object(Config\Paths))
 9 SYSTEMPATH\Commands\Server\rewrite.php(49): require_once('D:\\xampp\\htdocs\\Build-Plus\\public\\index.php')
WARNING - 2024-06-12 03:48:57 --> [DEPRECATED] Creation of dynamic property App\Services\StudentService::$validation is deprecated in APPPATH\services\BaseService.php on line 8.
 1 APPPATH\services\StudentService.php(16): App\Services\BaseService->__construct()
 2 APPPATH\Controllers\SinhvienController.php(13): App\Services\StudentService->__construct()
 3 SYSTEMPATH\CodeIgniter.php(903): App\Controllers\SinhvienController->__construct()
 4 SYSTEMPATH\CodeIgniter.php(500): CodeIgniter\CodeIgniter->createController()
 5 SYSTEMPATH\CodeIgniter.php(355): CodeIgniter\CodeIgniter->handleRequest(null, Object(Config\Cache), false)
 6 SYSTEMPATH\Boot.php(312): CodeIgniter\CodeIgniter->run()
 7 SYSTEMPATH\Boot.php(67): CodeIgniter\Boot::runCodeIgniter(Object(CodeIgniter\CodeIgniter))
 8 FCPATH\index.php(56): CodeIgniter\Boot::bootWeb(Object(Config\Paths))
 9 SYSTEMPATH\Commands\Server\rewrite.php(49): require_once('D:\\xampp\\htdocs\\Build-Plus\\public\\index.php')
WARNING - 2024-06-12 03:49:29 --> [DEPRECATED] Creation of dynamic property App\Services\StudentService::$validation is deprecated in APPPATH\services\BaseService.php on line 8.
 1 APPPATH\services\StudentService.php(16): App\Services\BaseService->__construct()
 2 APPPATH\Controllers\SinhvienController.php(13): App\Services\StudentService->__construct()
 3 SYSTEMPATH\CodeIgniter.php(903): App\Controllers\SinhvienController->__construct()
 4 SYSTEMPATH\CodeIgniter.php(500): CodeIgniter\CodeIgniter->createController()
 5 SYSTEMPATH\CodeIgniter.php(355): CodeIgniter\CodeIgniter->handleRequest(null, Object(Config\Cache), false)
 6 SYSTEMPATH\Boot.php(312): CodeIgniter\CodeIgniter->run()
 7 SYSTEMPATH\Boot.php(67): CodeIgniter\Boot::runCodeIgniter(Object(CodeIgniter\CodeIgniter))
 8 FCPATH\index.php(56): CodeIgniter\Boot::bootWeb(Object(Config\Paths))
 9 SYSTEMPATH\Commands\Server\rewrite.php(49): require_once('D:\\xampp\\htdocs\\Build-Plus\\public\\index.php')
WARNING - 2024-06-12 03:54:59 --> [DEPRECATED] Creation of dynamic property App\Services\StudentService::$validation is deprecated in APPPATH\services\BaseService.php on line 8.
 1 APPPATH\services\StudentService.php(16): App\Services\BaseService->__construct()
 2 APPPATH\Controllers\SinhvienController.php(13): App\Services\StudentService->__construct()
 3 SYSTEMPATH\CodeIgniter.php(903): App\Controllers\SinhvienController->__construct()
 4 SYSTEMPATH\CodeIgniter.php(500): CodeIgniter\CodeIgniter->createController()
 5 SYSTEMPATH\CodeIgniter.php(355): CodeIgniter\CodeIgniter->handleRequest(null, Object(Config\Cache), false)
 6 SYSTEMPATH\Boot.php(312): CodeIgniter\CodeIgniter->run()
 7 SYSTEMPATH\Boot.php(67): CodeIgniter\Boot::runCodeIgniter(Object(CodeIgniter\CodeIgniter))
 8 FCPATH\index.php(56): CodeIgniter\Boot::bootWeb(Object(Config\Paths))
 9 SYSTEMPATH\Commands\Server\rewrite.php(49): require_once('D:\\xampp\\htdocs\\Build-Plus\\public\\index.php')
WARNING - 2024-06-12 03:55:03 --> [DEPRECATED] Creation of dynamic property App\Services\StudentService::$validation is deprecated in APPPATH\services\BaseService.php on line 8.
 1 APPPATH\services\StudentService.php(16): App\Services\BaseService->__construct()
 2 APPPATH\Controllers\SinhvienController.php(13): App\Services\StudentService->__construct()
 3 SYSTEMPATH\CodeIgniter.php(903): App\Controllers\SinhvienController->__construct()
 4 SYSTEMPATH\CodeIgniter.php(500): CodeIgniter\CodeIgniter->createController()
 5 SYSTEMPATH\CodeIgniter.php(355): CodeIgniter\CodeIgniter->handleRequest(null, Object(Config\Cache), false)
 6 SYSTEMPATH\Boot.php(312): CodeIgniter\CodeIgniter->run()
 7 SYSTEMPATH\Boot.php(67): CodeIgniter\Boot::runCodeIgniter(Object(CodeIgniter\CodeIgniter))
 8 FCPATH\index.php(56): CodeIgniter\Boot::bootWeb(Object(Config\Paths))
 9 SYSTEMPATH\Commands\Server\rewrite.php(49): require_once('D:\\xampp\\htdocs\\Build-Plus\\public\\index.php')
WARNING - 2024-06-12 03:55:06 --> [DEPRECATED] Creation of dynamic property App\Services\StudentService::$validation is deprecated in APPPATH\services\BaseService.php on line 8.
 1 APPPATH\services\StudentService.php(16): App\Services\BaseService->__construct()
 2 APPPATH\Controllers\SinhvienController.php(13): App\Services\StudentService->__construct()
 3 SYSTEMPATH\CodeIgniter.php(903): App\Controllers\SinhvienController->__construct()
 4 SYSTEMPATH\CodeIgniter.php(500): CodeIgniter\CodeIgniter->createController()
 5 SYSTEMPATH\CodeIgniter.php(355): CodeIgniter\CodeIgniter->handleRequest(null, Object(Config\Cache), false)
 6 SYSTEMPATH\Boot.php(312): CodeIgniter\CodeIgniter->run()
 7 SYSTEMPATH\Boot.php(67): CodeIgniter\Boot::runCodeIgniter(Object(CodeIgniter\CodeIgniter))
 8 FCPATH\index.php(56): CodeIgniter\Boot::bootWeb(Object(Config\Paths))
 9 SYSTEMPATH\Commands\Server\rewrite.php(49): require_once('D:\\xampp\\htdocs\\Build-Plus\\public\\index.php')
